# JRE version: Java(TM) SE Runtime Environment (8.0_144-b01) (build 1.8.0_144-b01)
# Java VM: Java HotSpot(TM) 64-Bit Server VM (25.144-b01 mixed mode windows-amd64 compressed oops)
Heap:
 PSYoungGen      total 142336K, used 19494K [0x000000076ae00000, 0x0000000774980000, 0x00000007c0000000)
  eden space 131584K, 14% used [0x000000076ae00000,0x000000076c109930,0x0000000772e80000)
  from space 10752K, 0% used [0x0000000773a00000,0x0000000773a00000,0x0000000774480000)
  to   space 11776K, 0% used [0x0000000772e80000,0x0000000772e80000,0x0000000773a00000)
 ParOldGen       total 116224K, used 15914K [0x00000006c0a00000, 0x00000006c7b80000, 0x000000076ae00000)
  object space 116224K, 13% used [0x00000006c0a00000,0x00000006c198a9c8,0x00000006c7b80000)
 Metaspace       used 33089K, capacity 35805K, committed 35880K, reserved 1081344K
  class space    used 4383K, capacity 4857K, committed 4912K, reserved 1048576K
GC Heap History (10 events):
Event: 2.534 GC heap before
{Heap before GC invocations=4 (full 1):
 PSYoungGen      total 76288K, used 65536K [0x000000076ae00000, 0x0000000770300000, 0x00000007c0000000)
  eden space 65536K, 100% used [0x000000076ae00000,0x000000076ee00000,0x000000076ee00000)
  from space 10752K, 0% used [0x000000076f880000,0x000000076f880000,0x0000000770300000)
  to   space 10752K, 0% used [0x000000076ee00000,0x000000076ee00000,0x000000076f880000)
 ParOldGen       total 116224K, used 9627K [0x00000006c0a00000, 0x00000006c7b80000, 0x000000076ae00000)
  object space 116224K, 8% used [0x00000006c0a00000,0x00000006c1366dd0,0x00000006c7b80000)
 Metaspace       used 23310K, capacity 24966K, committed 25136K, reserved 1071104K
  class space    used 3025K, capacity 3335K, committed 3376K, reserved 1048576K
Event: 2.539 GC heap after
Heap after GC invocations=4 (full 1):
 PSYoungGen      total 76288K, used 8517K [0x000000076ae00000, 0x0000000771e00000, 0x00000007c0000000)
  eden space 65536K, 0% used [0x000000076ae00000,0x000000076ae00000,0x000000076ee00000)
  from space 10752K, 79% used [0x000000076ee00000,0x000000076f651478,0x000000076f880000)
  to   space 10752K, 0% used [0x0000000771380000,0x0000000771380000,0x0000000771e00000)
 ParOldGen       total 116224K, used 9635K [0x00000006c0a00000, 0x00000006c7b80000, 0x000000076ae00000)
  object space 116224K, 8% used [0x00000006c0a00000,0x00000006c1368dd0,0x00000006c7b80000)
 Metaspace       used 23310K, capacity 24966K, committed 25136K, reserved 1071104K
  class space    used 3025K, capacity 3335K, committed 3376K, reserved 1048576K
}
Event: 3.186 GC heap before
{Heap before GC invocations=5 (full 1):
 PSYoungGen      total 76288K, used 74053K [0x000000076ae00000, 0x0000000771e00000, 0x00000007c0000000)
  eden space 65536K, 100% used [0x000000076ae00000,0x000000076ee00000,0x000000076ee00000)
  from space 10752K, 79% used [0x000000076ee00000,0x000000076f651478,0x000000076f880000)
  to   space 10752K, 0% used [0x0000000771380000,0x0000000771380000,0x0000000771e00000)
 ParOldGen       total 116224K, used 9635K [0x00000006c0a00000, 0x00000006c7b80000, 0x000000076ae00000)
  object space 116224K, 8% used [0x00000006c0a00000,0x00000006c1368dd0,0x00000006c7b80000)
 Metaspace       used 26884K, capacity 28712K, committed 28976K, reserved 1075200K
  class space    used 3495K, capacity 3842K, committed 3888K, reserved 1048576K
Event: 3.191 GC heap after
Heap after GC invocations=5 (full 1):
 PSYoungGen      total 103936K, used 7817K [0x000000076ae00000, 0x0000000771e80000, 0x00000007c0000000)
  eden space 93184K, 0% used [0x000000076ae00000,0x000000076ae00000,0x0000000770900000)
  from space 10752K, 72% used [0x0000000771380000,0x0000000771b22598,0x0000000771e00000)
  to   space 10752K, 0% used [0x0000000770900000,0x0000000770900000,0x0000000771380000)
 ParOldGen       total 116224K, used 9643K [0x00000006c0a00000, 0x00000006c7b80000, 0x000000076ae00000)
  object space 116224K, 8% used [0x00000006c0a00000,0x00000006c136add0,0x00000006c7b80000)
 Metaspace       used 26884K, capacity 28712K, committed 28976K, reserved 1075200K
  class space    used 3495K, capacity 3842K, committed 3888K, reserved 1048576K
}
Event: 4.019 GC heap before
{Heap before GC invocations=6 (full 1):
 PSYoungGen      total 103936K, used 101001K [0x000000076ae00000, 0x0000000771e80000, 0x00000007c0000000)
  eden space 93184K, 100% used [0x000000076ae00000,0x0000000770900000,0x0000000770900000)
  from space 10752K, 72% used [0x0000000771380000,0x0000000771b22598,0x0000000771e00000)
  to   space 10752K, 0% used [0x0000000770900000,0x0000000770900000,0x0000000771380000)
 ParOldGen       total 116224K, used 9643K [0x00000006c0a00000, 0x00000006c7b80000, 0x000000076ae00000)
  object space 116224K, 8% used [0x00000006c0a00000,0x00000006c136add0,0x00000006c7b80000)
 Metaspace       used 30230K, capacity 32492K, committed 32560K, reserved 1077248K
  class space    used 3972K, capacity 4390K, committed 4400K, reserved 1048576K
Event: 4.025 GC heap after
Heap after GC invocations=6 (full 1):
 PSYoungGen      total 103936K, used 9165K [0x000000076ae00000, 0x0000000774480000, 0x00000007c0000000)
  eden space 93184K, 0% used [0x000000076ae00000,0x000000076ae00000,0x0000000770900000)
  from space 10752K, 85% used [0x0000000770900000,0x00000007711f3708,0x0000000771380000)
  to   space 10752K, 0% used [0x0000000773a00000,0x0000000773a00000,0x0000000774480000)
 ParOldGen       total 116224K, used 9651K [0x00000006c0a00000, 0x00000006c7b80000, 0x000000076ae00000)
  object space 116224K, 8% used [0x00000006c0a00000,0x00000006c136cdd0,0x00000006c7b80000)
 Metaspace       used 30230K, capacity 32492K, committed 32560K, reserved 1077248K
  class space    used 3972K, capacity 4390K, committed 4400K, reserved 1048576K
}
Event: 4.666 GC heap before
{Heap before GC invocations=7 (full 1):
 PSYoungGen      total 103936K, used 87879K [0x000000076ae00000, 0x0000000774480000, 0x00000007c0000000)
  eden space 93184K, 84% used [0x000000076ae00000,0x000000076fade630,0x0000000770900000)
  from space 10752K, 85% used [0x0000000770900000,0x00000007711f3708,0x0000000771380000)
  to   space 10752K, 0% used [0x0000000773a00000,0x0000000773a00000,0x0000000774480000)
 ParOldGen       total 116224K, used 9651K [0x00000006c0a00000, 0x00000006c7b80000, 0x000000076ae00000)
  object space 116224K, 8% used [0x00000006c0a00000,0x00000006c136cdd0,0x00000006c7b80000)
 Metaspace       used 32583K, capacity 35257K, committed 35496K, reserved 1079296K
  class space    used 4306K, capacity 4784K, committed 4784K, reserved 1048576K
Event: 4.674 GC heap after
Heap after GC invocations=7 (full 1):
 PSYoungGen      total 142336K, used 10732K [0x000000076ae00000, 0x0000000774980000, 0x00000007c0000000)
  eden space 131584K, 0% used [0x000000076ae00000,0x000000076ae00000,0x0000000772e80000)
  from space 10752K, 99% used [0x0000000773a00000,0x000000077447b308,0x0000000774480000)
  to   space 11776K, 0% used [0x0000000772e80000,0x0000000772e80000,0x0000000773a00000)
 ParOldGen       total 116224K, used 10600K [0x00000006c0a00000, 0x00000006c7b80000, 0x000000076ae00000)
  object space 116224K, 9% used [0x00000006c0a00000,0x00000006c145a2e8,0x00000006c7b80000)
 Metaspace       used 32583K, capacity 35257K, committed 35496K, reserved 1079296K
  class space    used 4306K, capacity 4784K, committed 4784K, reserved 1048576K
}
Event: 4.674 GC heap before
{Heap before GC invocations=8 (full 2):
 PSYoungGen      total 142336K, used 10732K [0x000000076ae00000, 0x0000000774980000, 0x00000007c0000000)
  eden space 131584K, 0% used [0x000000076ae00000,0x000000076ae00000,0x0000000772e80000)
  from space 10752K, 99% used [0x0000000773a00000,0x000000077447b308,0x0000000774480000)
  to   space 11776K, 0% used [0x0000000772e80000,0x0000000772e80000,0x0000000773a00000)
 ParOldGen       total 116224K, used 10600K [0x00000006c0a00000, 0x00000006c7b80000, 0x000000076ae00000)
  object space 116224K, 9% used [0x00000006c0a00000,0x00000006c145a2e8,0x00000006c7b80000)
 Metaspace       used 32583K, capacity 35257K, committed 35496K, reserved 1079296K
  class space    used 4306K, capacity 4784K, committed 4784K, reserved 1048576K
Event: 4.722 GC heap after
Heap after GC invocations=8 (full 2):
 PSYoungGen      total 142336K, used 0K [0x000000076ae00000, 0x0000000774980000, 0x00000007c0000000)
  eden space 131584K, 0% used [0x000000076ae00000,0x000000076ae00000,0x0000000772e80000)
  from space 10752K, 0% used [0x0000000773a00000,0x0000000773a00000,0x0000000774480000)
  to   space 11776K, 0% used [0x0000000772e80000,0x0000000772e80000,0x0000000773a00000)
 ParOldGen       total 116224K, used 15914K [0x00000006c0a00000, 0x00000006c7b80000, 0x000000076ae00000)
  object space 116224K, 13% used [0x00000006c0a00000,0x00000006c198a9c8,0x00000006c7b80000)
 Metaspace       used 32583K, capacity 35257K, committed 35496K, reserved 1079296K
  class space    used 4306K, capacity 4784K, committed 4784K, reserved 1048576K
}

