# JRE version: Java(TM) SE Runtime Environment (8.0_144-b01) (build 1.8.0_144-b01)
# Java VM: Java HotSpot(TM) 64-Bit Server VM (25.144-b01 mixed mode windows-amd64 compressed oops)
Heap:
 PSYoungGen      total 57344K, used 55403K [0x000000076ae00000, 0x000000076ee00000, 0x00000007c0000000)
  eden space 50176K, 98% used [0x000000076ae00000,0x000000076de50ee8,0x000000076df00000)
  from space 7168K, 82% used [0x000000076e700000,0x000000076ecc9f08,0x000000076ee00000)
  to   space 7680K, 0% used [0x000000076df00000,0x000000076df00000,0x000000076e680000)
 ParOldGen       total 159744K, used 24212K [0x00000006c0a00000, 0x00000006ca600000, 0x000000076ae00000)
  object space 159744K, 15% used [0x00000006c0a00000,0x00000006c21a52d0,0x00000006ca600000)
 Metaspace       used 50187K, capacity 62550K, committed 62888K, reserved 1099776K
  class space    used 7221K, capacity 12356K, committed 12456K, reserved 1048576K
GC Heap History (10 events):
Event: 30521.447 GC heap before
{Heap before GC invocations=616 (full 147):
 PSYoungGen      total 58368K, used 55466K [0x000000076ae00000, 0x000000076ef80000, 0x00000007c0000000)
  eden space 51712K, 100% used [0x000000076ae00000,0x000000076e080000,0x000000076e080000)
  from space 6656K, 56% used [0x000000076e900000,0x000000076ecaa888,0x000000076ef80000)
  to   space 7680K, 0% used [0x000000076e080000,0x000000076e080000,0x000000076e800000)
 ParOldGen       total 159744K, used 24800K [0x00000006c0a00000, 0x00000006ca600000, 0x000000076ae00000)
  object space 159744K, 15% used [0x00000006c0a00000,0x00000006c2238220,0x00000006ca600000)
 Metaspace       used 50110K, capacity 62430K, committed 62504K, reserved 1099776K
  class space    used 7210K, capacity 12316K, committed 12328K, reserved 1048576K
Event: 30521.449 GC heap after
Heap after GC invocations=616 (full 147):
 PSYoungGen      total 54784K, used 3168K [0x000000076ae00000, 0x000000076ef00000, 0x00000007c0000000)
  eden space 51200K, 0% used [0x000000076ae00000,0x000000076ae00000,0x000000076e000000)
  from space 3584K, 88% used [0x000000076e080000,0x000000076e398000,0x000000076e400000)
  to   space 7680K, 0% used [0x000000076e780000,0x000000076e780000,0x000000076ef00000)
 ParOldGen       total 159744K, used 24800K [0x00000006c0a00000, 0x00000006ca600000, 0x000000076ae00000)
  object space 159744K, 15% used [0x00000006c0a00000,0x00000006c2238220,0x00000006ca600000)
 Metaspace       used 50110K, capacity 62430K, committed 62504K, reserved 1099776K
  class space    used 7210K, capacity 12316K, committed 12328K, reserved 1048576K
}
Event: 30605.730 GC heap before
{Heap before GC invocations=617 (full 147):
 PSYoungGen      total 54784K, used 54368K [0x000000076ae00000, 0x000000076ef00000, 0x00000007c0000000)
  eden space 51200K, 100% used [0x000000076ae00000,0x000000076e000000,0x000000076e000000)
  from space 3584K, 88% used [0x000000076e080000,0x000000076e398000,0x000000076e400000)
  to   space 7680K, 0% used [0x000000076e780000,0x000000076e780000,0x000000076ef00000)
 ParOldGen       total 159744K, used 24800K [0x00000006c0a00000, 0x00000006ca600000, 0x000000076ae00000)
  object space 159744K, 15% used [0x00000006c0a00000,0x00000006c2238220,0x00000006ca600000)
 Metaspace       used 50110K, capacity 62430K, committed 62504K, reserved 1099776K
  class space    used 7210K, capacity 12316K, committed 12328K, reserved 1048576K
Event: 30605.732 GC heap after
Heap after GC invocations=617 (full 147):
 PSYoungGen      total 57856K, used 3168K [0x000000076ae00000, 0x000000076ee80000, 0x00000007c0000000)
  eden space 50688K, 0% used [0x000000076ae00000,0x000000076ae00000,0x000000076df80000)
  from space 7168K, 44% used [0x000000076e780000,0x000000076ea98000,0x000000076ee80000)
  to   space 7680K, 0% used [0x000000076df80000,0x000000076df80000,0x000000076e700000)
 ParOldGen       total 159744K, used 24800K [0x00000006c0a00000, 0x00000006ca600000, 0x000000076ae00000)
  object space 159744K, 15% used [0x00000006c0a00000,0x00000006c2238220,0x00000006ca600000)
 Metaspace       used 50110K, capacity 62430K, committed 62504K, reserved 1099776K
  class space    used 7210K, capacity 12316K, committed 12328K, reserved 1048576K
}
Event: 30620.238 GC heap before
{Heap before GC invocations=618 (full 147):
 PSYoungGen      total 57856K, used 13937K [0x000000076ae00000, 0x000000076ee80000, 0x00000007c0000000)
  eden space 50688K, 21% used [0x000000076ae00000,0x000000076b884480,0x000000076df80000)
  from space 7168K, 44% used [0x000000076e780000,0x000000076ea98000,0x000000076ee80000)
  to   space 7680K, 0% used [0x000000076df80000,0x000000076df80000,0x000000076e700000)
 ParOldGen       total 159744K, used 24800K [0x00000006c0a00000, 0x00000006ca600000, 0x000000076ae00000)
  object space 159744K, 15% used [0x00000006c0a00000,0x00000006c2238220,0x00000006ca600000)
 Metaspace       used 50113K, capacity 62436K, committed 62504K, reserved 1099776K
  class space    used 7211K, capacity 12318K, committed 12328K, reserved 1048576K
Event: 30620.240 GC heap after
Heap after GC invocations=618 (full 147):
 PSYoungGen      total 58368K, used 2656K [0x000000076ae00000, 0x000000076ee80000, 0x00000007c0000000)
  eden space 50688K, 0% used [0x000000076ae00000,0x000000076ae00000,0x000000076df80000)
  from space 7680K, 34% used [0x000000076df80000,0x000000076e218000,0x000000076e700000)
  to   space 7680K, 0% used [0x000000076e700000,0x000000076e700000,0x000000076ee80000)
 ParOldGen       total 159744K, used 24800K [0x00000006c0a00000, 0x00000006ca600000, 0x000000076ae00000)
  object space 159744K, 15% used [0x00000006c0a00000,0x00000006c2238220,0x00000006ca600000)
 Metaspace       used 50113K, capacity 62436K, committed 62504K, reserved 1099776K
  class space    used 7211K, capacity 12318K, committed 12328K, reserved 1048576K
}
Event: 30620.240 GC heap before
{Heap before GC invocations=619 (full 148):
 PSYoungGen      total 58368K, used 2656K [0x000000076ae00000, 0x000000076ee80000, 0x00000007c0000000)
  eden space 50688K, 0% used [0x000000076ae00000,0x000000076ae00000,0x000000076df80000)
  from space 7680K, 34% used [0x000000076df80000,0x000000076e218000,0x000000076e700000)
  to   space 7680K, 0% used [0x000000076e700000,0x000000076e700000,0x000000076ee80000)
 ParOldGen       total 159744K, used 24800K [0x00000006c0a00000, 0x00000006ca600000, 0x000000076ae00000)
  object space 159744K, 15% used [0x00000006c0a00000,0x00000006c2238220,0x00000006ca600000)
 Metaspace       used 50113K, capacity 62436K, committed 62504K, reserved 1099776K
  class space    used 7211K, capacity 12318K, committed 12328K, reserved 1048576K
Event: 30620.312 GC heap after
Heap after GC invocations=619 (full 148):
 PSYoungGen      total 58368K, used 0K [0x000000076ae00000, 0x000000076ee80000, 0x00000007c0000000)
  eden space 50688K, 0% used [0x000000076ae00000,0x000000076ae00000,0x000000076df80000)
  from space 7680K, 0% used [0x000000076df80000,0x000000076df80000,0x000000076e700000)
  to   space 7680K, 0% used [0x000000076e700000,0x000000076e700000,0x000000076ee80000)
 ParOldGen       total 159744K, used 24212K [0x00000006c0a00000, 0x00000006ca600000, 0x000000076ae00000)
  object space 159744K, 15% used [0x00000006c0a00000,0x00000006c21a52d0,0x00000006ca600000)
 Metaspace       used 50110K, capacity 62430K, committed 62504K, reserved 1099776K
  class space    used 7210K, capacity 12316K, committed 12328K, reserved 1048576K
}
Event: 30620.745 GC heap before
{Heap before GC invocations=620 (full 148):
 PSYoungGen      total 58368K, used 50688K [0x000000076ae00000, 0x000000076ee80000, 0x00000007c0000000)
  eden space 50688K, 100% used [0x000000076ae00000,0x000000076df80000,0x000000076df80000)
  from space 7680K, 0% used [0x000000076df80000,0x000000076df80000,0x000000076e700000)
  to   space 7680K, 0% used [0x000000076e700000,0x000000076e700000,0x000000076ee80000)
 ParOldGen       total 159744K, used 24212K [0x00000006c0a00000, 0x00000006ca600000, 0x000000076ae00000)
  object space 159744K, 15% used [0x00000006c0a00000,0x00000006c21a52d0,0x00000006ca600000)
 Metaspace       used 50126K, capacity 62450K, committed 62504K, reserved 1099776K
  class space    used 7213K, capacity 12320K, committed 12328K, reserved 1048576K
Event: 30620.749 GC heap after
Heap after GC invocations=620 (full 148):
 PSYoungGen      total 57344K, used 5927K [0x000000076ae00000, 0x000000076ee00000, 0x00000007c0000000)
  eden space 50176K, 0% used [0x000000076ae00000,0x000000076ae00000,0x000000076df00000)
  from space 7168K, 82% used [0x000000076e700000,0x000000076ecc9f08,0x000000076ee00000)
  to   space 7680K, 0% used [0x000000076df00000,0x000000076df00000,0x000000076e680000)
 ParOldGen       total 159744K, used 24212K [0x00000006c0a00000, 0x00000006ca600000, 0x000000076ae00000)
  object space 159744K, 15% used [0x00000006c0a00000,0x00000006c21a52d0,0x00000006ca600000)
 Metaspace       used 50126K, capacity 62450K, committed 62504K, reserved 1099776K
  class space    used 7213K, capacity 12320K, committed 12328K, reserved 1048576K
}

